0 info it worked if it ends with ok
1 verbose cli [ '/usr/bin/nodejs', '/usr/bin/npm', 'run', 'build-js' ]
2 info using npm@3.10.10
3 info using node@v6.11.0
4 verbose run-script [ 'prebuild-js', 'build-js', 'postbuild-js' ]
5 info lifecycle react-input-moment@1.7.3~prebuild-js: react-input-moment@1.7.3
6 silly lifecycle react-input-moment@1.7.3~prebuild-js: no script for prebuild-js, continuing
7 info lifecycle react-input-moment@1.7.3~build-js: react-input-moment@1.7.3
8 verbose lifecycle react-input-moment@1.7.3~build-js: unsafe-perm in lifecycle true
9 verbose lifecycle react-input-moment@1.7.3~build-js: PATH: /usr/lib/node_modules/npm/bin/node-gyp-bin:/home/daffron/react-input-moment/node_modules/.bin:/home/daffron/bin:/home/daffron/.local/bin:/usr/local/sbin:/usr/local/bin:/usr/sbin:/usr/bin:/sbin:/bin:/usr/games:/usr/local/games:/snap/bin
10 verbose lifecycle react-input-moment@1.7.3~build-js: CWD: /home/daffron/react-input-moment
11 silly lifecycle react-input-moment@1.7.3~build-js: Args: [ '-c', 'babel src --out-dir lib && webpack -p' ]
12 info lifecycle react-input-moment@1.7.3~build-js: Failed to exec build-js script
13 verbose stack Error: react-input-moment@1.7.3 build-js: `babel src --out-dir lib && webpack -p`
13 verbose stack spawn ENOENT
13 verbose stack     at ChildProcess.<anonymous> (/usr/lib/node_modules/npm/lib/utils/spawn.js:33:16)
13 verbose stack     at emitTwo (events.js:106:13)
13 verbose stack     at ChildProcess.emit (events.js:191:7)
13 verbose stack     at maybeClose (internal/child_process.js:891:16)
13 verbose stack     at Process.ChildProcess._handle.onexit (internal/child_process.js:226:5)
14 verbose pkgid react-input-moment@1.7.3
15 verbose cwd /home/daffron/react-input-moment
16 error Linux 4.8.0-58-generic
17 error argv "/usr/bin/nodejs" "/usr/bin/npm" "run" "build-js"
18 error node v6.11.0
19 error npm  v3.10.10
20 error file sh
21 error code ELIFECYCLE
22 error errno ENOENT
23 error syscall spawn
24 error react-input-moment@1.7.3 build-js: `babel src --out-dir lib && webpack -p`
24 error spawn ENOENT
25 error Failed at the react-input-moment@1.7.3 build-js script 'babel src --out-dir lib && webpack -p'.
25 error Make sure you have the latest version of node.js and npm installed.
25 error If you do, this is most likely a problem with the react-input-moment package,
25 error not with npm itself.
25 error Tell the author that this fails on your system:
25 error     babel src --out-dir lib && webpack -p
25 error You can get information on how to open an issue for this project with:
25 error     npm bugs react-input-moment
25 error Or if that isn't available, you can get their info via:
25 error     npm owner ls react-input-moment
25 error There is likely additional logging output above.
26 verbose exit [ 1, true ]
